Determining if the pthread_create exist failed with the following output:
Change Dir: /home/cfang/walkman/external/GazeboYARPPlugins/CMakeFiles/CMakeTmp

Run Build Command:/usr/bin/make "cmTryCompileExec1345348815/fast"
/usr/bin/make -f CMakeFiles/cmTryCompileExec1345348815.dir/build.make CMakeFiles/cmTryCompileExec1345348815.dir/build
make[1]: Entering directory `/home/cfang/walkman/external/GazeboYARPPlugins/CMakeFiles/CMakeTmp'
/usr/bin/cmake -E cmake_progress_report /home/cfang/walkman/external/GazeboYARPPlugins/CMakeFiles/CMakeTmp/CMakeFiles 1
Building C object CMakeFiles/cmTryCompileExec1345348815.dir/CheckSymbolExists.c.o
/usr/bin/cc    -o CMakeFiles/cmTryCompileExec1345348815.dir/CheckSymbolExists.c.o   -c /home/cfang/walkman/external/GazeboYARPPlugins/CMakeFiles/CMakeTmp/CheckSymbolExists.c
Linking C executable cmTryCompileExec1345348815
/usr/bin/cmake -E cmake_link_script CMakeFiles/cmTryCompileExec1345348815.dir/link.txt --verbose=1
/usr/bin/cc       CMakeFiles/cmTryCompileExec1345348815.dir/CheckSymbolExists.c.o  -o cmTryCompileExec1345348815 -rdynamic 
CMakeFiles/cmTryCompileExec1345348815.dir/CheckSymbolExists.c.o: In function `main':
CheckSymbolExists.c:(.text+0x16): undefined reference to `pthread_create'
collect2: error: ld returned 1 exit status
make[1]: Leaving directory `/home/cfang/walkman/external/GazeboYARPPlugins/CMakeFiles/CMakeTmp'
make[1]: *** [cmTryCompileExec1345348815] Error 1
make: *** [cmTryCompileExec1345348815/fast] Error 2

File /home/cfang/walkman/external/GazeboYARPPlugins/CMakeFiles/CMakeTmp/CheckSymbolExists.c:
/* */
#include <pthread.h>

int main(int argc, char** argv)
{
  (void)argv;
#ifndef pthread_create
  return ((int*)(&pthread_create))[argc];
#else
  (void)argc;
  return 0;
#endif
}

Determining if the function pthread_create exists in the pthreads failed with the following output:
Change Dir: /home/cfang/walkman/external/GazeboYARPPlugins/CMakeFiles/CMakeTmp

Run Build Command:/usr/bin/make "cmTryCompileExec3597308552/fast"
/usr/bin/make -f CMakeFiles/cmTryCompileExec3597308552.dir/build.make CMakeFiles/cmTryCompileExec3597308552.dir/build
make[1]: Entering directory `/home/cfang/walkman/external/GazeboYARPPlugins/CMakeFiles/CMakeTmp'
/usr/bin/cmake -E cmake_progress_report /home/cfang/walkman/external/GazeboYARPPlugins/CMakeFiles/CMakeTmp/CMakeFiles 1
Building C object CMakeFiles/cmTryCompileExec3597308552.dir/CheckFunctionExists.c.o
/usr/bin/cc   -DCHECK_FUNCTION_EXISTS=pthread_create   -o CMakeFiles/cmTryCompileExec3597308552.dir/CheckFunctionExists.c.o   -c /usr/share/cmake-2.8/Modules/CheckFunctionExists.c
Linking C executable cmTryCompileExec3597308552
/usr/bin/cmake -E cmake_link_script CMakeFiles/cmTryCompileExec3597308552.dir/link.txt --verbose=1
/usr/bin/cc   -DCHECK_FUNCTION_EXISTS=pthread_create    CMakeFiles/cmTryCompileExec3597308552.dir/CheckFunctionExists.c.o  -o cmTryCompileExec3597308552 -rdynamic -lpthreads 
/usr/bin/ld: cannot find -lpthreads
collect2: error: ld returned 1 exit status
make[1]: Leaving directory `/home/cfang/walkman/external/GazeboYARPPlugins/CMakeFiles/CMakeTmp'
make[1]: *** [cmTryCompileExec3597308552] Error 1
make: *** [cmTryCompileExec3597308552/fast] Error 2


